
*** Running vivado
    with args -log module6_hw_axi_timer_0_0.vds -m64 -product Vivado -mode batch -messageDb vivado.pb -notrace -source module6_hw_axi_timer_0_0.tcl


****** Vivado v2021.2 (64-bit)
  **** SW Build 3367213 on Tue Oct 19 02:47:39 MDT 2021
  **** IP Build 3369179 on Thu Oct 21 08:25:16 MDT 2021
    ** Copyright 1986-2021 Xilinx, Inc. All Rights Reserved.

source module6_hw_axi_timer_0_0.tcl -notrace
create_project: Time (s): cpu = 00:00:05 ; elapsed = 00:00:18 . Memory (MB): peak = 2634.641 ; gain = 0.000 ; free physical = 17144 ; free virtual = 30682
Command: synth_design -top module6_hw_axi_timer_0_0 -part xc7z010clg400-1 -mode out_of_context
Starting synth_design
Attempting to get a license for feature 'Synthesis' and/or device 'xc7z010'
INFO: [Common 17-349] Got license for feature 'Synthesis' and/or device 'xc7z010'
INFO: [Device 21-403] Loading part xc7z010clg400-1
INFO: [Synth 8-7079] Multithreading enabled for synth_design using a maximum of 4 processes.
INFO: [Synth 8-7078] Launching helper process for spawning children vivado processes
INFO: [Synth 8-7075] Helper process launched with PID 68021
---------------------------------------------------------------------------------
Starting RTL Elaboration : Time (s): cpu = 00:00:04 ; elapsed = 00:00:08 . Memory (MB): peak = 2634.641 ; gain = 0.000 ; free physical = 10651 ; free virtual = 24205
---------------------------------------------------------------------------------
INFO: [Synth 8-638] synthesizing module 'module6_hw_axi_timer_0_0' [/thayerfs/home/f004hf2/workspace/module6/module6.gen/sources_1/bd/module6_hw/ip/module6_hw_axi_timer_0_0/synth/module6_hw_axi_timer_0_0.vhd:90]
	Parameter C_FAMILY bound to: zynq - type: string 
	Parameter C_COUNT_WIDTH bound to: 32 - type: integer 
	Parameter C_ONE_TIMER_ONLY bound to: 0 - type: integer 
	Parameter C_TRIG0_ASSERT bound to: 1'b1 
	Parameter C_TRIG1_ASSERT bound to: 1'b1 
	Parameter C_GEN0_ASSERT bound to: 1'b1 
	Parameter C_GEN1_ASSERT bound to: 1'b1 
	Parameter C_S_AXI_DATA_WIDTH bound to: 32 - type: integer 
	Parameter C_S_AXI_ADDR_WIDTH bound to: 5 - type: integer 
INFO: [Synth 8-3491] module 'axi_timer' declared at '/thayerfs/home/f004hf2/workspace/module6/module6.gen/sources_1/bd/module6_hw/ipshared/6c6b/hdl/axi_timer_v2_0_vh_rfs.vhd:2088' bound to instance 'U0' of component 'axi_timer' [/thayerfs/home/f004hf2/workspace/module6/module6.gen/sources_1/bd/module6_hw/ip/module6_hw_axi_timer_0_0/synth/module6_hw_axi_timer_0_0.vhd:168]
INFO: [Synth 8-638] synthesizing module 'axi_timer' [/thayerfs/home/f004hf2/workspace/module6/module6.gen/sources_1/bd/module6_hw/ipshared/6c6b/hdl/axi_timer_v2_0_vh_rfs.vhd:2143]
INFO: [Synth 8-638] synthesizing module 'tc_core' [/thayerfs/home/f004hf2/workspace/module6/module6.gen/sources_1/bd/module6_hw/ipshared/6c6b/hdl/axi_timer_v2_0_vh_rfs.vhd:1704]
INFO: [Synth 8-638] synthesizing module 'mux_onehot_f' [/thayerfs/home/f004hf2/workspace/module6/module6.gen/sources_1/bd/module6_hw/ipshared/6c6b/hdl/axi_timer_v2_0_vh_rfs.vhd:365]
INFO: [Synth 8-3491] module 'MUXCY' declared at '/thayerfs/apps/xilinx/Vivado/current/scripts/rt/data/unisim_comp.v:66463' bound to instance 'MUXCY_I' of component 'MUXCY' [/thayerfs/home/f004hf2/workspace/module6/module6.gen/sources_1/bd/module6_hw/ipshared/6c6b/hdl/axi_timer_v2_0_vh_rfs.vhd:462]
INFO: [Synth 8-6157] synthesizing module 'MUXCY' [/thayerfs/apps/xilinx/Vivado/current/scripts/rt/data/unisim_comp.v:66463]
INFO: [Synth 8-6155] done synthesizing module 'MUXCY' (1#1) [/thayerfs/apps/xilinx/Vivado/current/scripts/rt/data/unisim_comp.v:66463]
INFO: [Synth 8-3491] module 'MUXCY' declared at '/thayerfs/apps/xilinx/Vivado/current/scripts/rt/data/unisim_comp.v:66463' bound to instance 'MUXCY_I' of component 'MUXCY' [/thayerfs/home/f004hf2/workspace/module6/module6.gen/sources_1/bd/module6_hw/ipshared/6c6b/hdl/axi_timer_v2_0_vh_rfs.vhd:462]
INFO: [Synth 8-3491] module 'MUXCY' declared at '/thayerfs/apps/xilinx/Vivado/current/scripts/rt/data/unisim_comp.v:66463' bound to instance 'MUXCY_I' of component 'MUXCY' [/thayerfs/home/f004hf2/workspace/module6/module6.gen/sources_1/bd/module6_hw/ipshared/6c6b/hdl/axi_timer_v2_0_vh_rfs.vhd:462]
INFO: [Synth 8-3491] module 'MUXCY' declared at '/thayerfs/apps/xilinx/Vivado/current/scripts/rt/data/unisim_comp.v:66463' bound to instance 'MUXCY_I' of component 'MUXCY' [/thayerfs/home/f004hf2/workspace/module6/module6.gen/sources_1/bd/module6_hw/ipshared/6c6b/hdl/axi_timer_v2_0_vh_rfs.vhd:462]
INFO: [Synth 8-3491] module 'MUXCY' declared at '/thayerfs/apps/xilinx/Vivado/current/scripts/rt/data/unisim_comp.v:66463' bound to instance 'MUXCY_I' of component 'MUXCY' [/thayerfs/home/f004hf2/workspace/module6/module6.gen/sources_1/bd/module6_hw/ipshared/6c6b/hdl/axi_timer_v2_0_vh_rfs.vhd:462]
INFO: [Synth 8-3491] module 'MUXCY' declared at '/thayerfs/apps/xilinx/Vivado/current/scripts/rt/data/unisim_comp.v:66463' bound to instance 'MUXCY_I' of component 'MUXCY' [/thayerfs/home/f004hf2/workspace/module6/module6.gen/sources_1/bd/module6_hw/ipshared/6c6b/hdl/axi_timer_v2_0_vh_rfs.vhd:462]
INFO: [Synth 8-3491] module 'MUXCY' declared at '/thayerfs/apps/xilinx/Vivado/current/scripts/rt/data/unisim_comp.v:66463' bound to instance 'MUXCY_I' of component 'MUXCY' [/thayerfs/home/f004hf2/workspace/module6/module6.gen/sources_1/bd/module6_hw/ipshared/6c6b/hdl/axi_timer_v2_0_vh_rfs.vhd:462]
INFO: [Synth 8-3491] module 'MUXCY' declared at '/thayerfs/apps/xilinx/Vivado/current/scripts/rt/data/unisim_comp.v:66463' bound to instance 'MUXCY_I' of component 'MUXCY' [/thayerfs/home/f004hf2/workspace/module6/module6.gen/sources_1/bd/module6_hw/ipshared/6c6b/hdl/axi_timer_v2_0_vh_rfs.vhd:462]
INFO: [Synth 8-3491] module 'MUXCY' declared at '/thayerfs/apps/xilinx/Vivado/current/scripts/rt/data/unisim_comp.v:66463' bound to instance 'MUXCY_I' of component 'MUXCY' [/thayerfs/home/f004hf2/workspace/module6/module6.gen/sources_1/bd/module6_hw/ipshared/6c6b/hdl/axi_timer_v2_0_vh_rfs.vhd:462]
INFO: [Synth 8-3491] module 'MUXCY' declared at '/thayerfs/apps/xilinx/Vivado/current/scripts/rt/data/unisim_comp.v:66463' bound to instance 'MUXCY_I' of component 'MUXCY' [/thayerfs/home/f004hf2/workspace/module6/module6.gen/sources_1/bd/module6_hw/ipshared/6c6b/hdl/axi_timer_v2_0_vh_rfs.vhd:462]
INFO: [Synth 8-3491] module 'MUXCY' declared at '/thayerfs/apps/xilinx/Vivado/current/scripts/rt/data/unisim_comp.v:66463' bound to instance 'MUXCY_I' of component 'MUXCY' [/thayerfs/home/f004hf2/workspace/module6/module6.gen/sources_1/bd/module6_hw/ipshared/6c6b/hdl/axi_timer_v2_0_vh_rfs.vhd:462]
INFO: [Synth 8-3491] module 'MUXCY' declared at '/thayerfs/apps/xilinx/Vivado/current/scripts/rt/data/unisim_comp.v:66463' bound to instance 'MUXCY_I' of component 'MUXCY' [/thayerfs/home/f004hf2/workspace/module6/module6.gen/sources_1/bd/module6_hw/ipshared/6c6b/hdl/axi_timer_v2_0_vh_rfs.vhd:462]
INFO: [Synth 8-3491] module 'MUXCY' declared at '/thayerfs/apps/xilinx/Vivado/current/scripts/rt/data/unisim_comp.v:66463' bound to instance 'MUXCY_I' of component 'MUXCY' [/thayerfs/home/f004hf2/workspace/module6/module6.gen/sources_1/bd/module6_hw/ipshared/6c6b/hdl/axi_timer_v2_0_vh_rfs.vhd:462]
INFO: [Synth 8-3491] module 'MUXCY' declared at '/thayerfs/apps/xilinx/Vivado/current/scripts/rt/data/unisim_comp.v:66463' bound to instance 'MUXCY_I' of component 'MUXCY' [/thayerfs/home/f004hf2/workspace/module6/module6.gen/sources_1/bd/module6_hw/ipshared/6c6b/hdl/axi_timer_v2_0_vh_rfs.vhd:462]
INFO: [Synth 8-3491] module 'MUXCY' declared at '/thayerfs/apps/xilinx/Vivado/current/scripts/rt/data/unisim_comp.v:66463' bound to instance 'MUXCY_I' of component 'MUXCY' [/thayerfs/home/f004hf2/workspace/module6/module6.gen/sources_1/bd/module6_hw/ipshared/6c6b/hdl/axi_timer_v2_0_vh_rfs.vhd:462]
INFO: [Synth 8-3491] module 'MUXCY' declared at '/thayerfs/apps/xilinx/Vivado/current/scripts/rt/data/unisim_comp.v:66463' bound to instance 'MUXCY_I' of component 'MUXCY' [/thayerfs/home/f004hf2/workspace/module6/module6.gen/sources_1/bd/module6_hw/ipshared/6c6b/hdl/axi_timer_v2_0_vh_rfs.vhd:462]
INFO: [Synth 8-3491] module 'MUXCY' declared at '/thayerfs/apps/xilinx/Vivado/current/scripts/rt/data/unisim_comp.v:66463' bound to instance 'MUXCY_I' of component 'MUXCY' [/thayerfs/home/f004hf2/workspace/module6/module6.gen/sources_1/bd/module6_hw/ipshared/6c6b/hdl/axi_timer_v2_0_vh_rfs.vhd:462]
INFO: [Synth 8-3491] module 'MUXCY' declared at '/thayerfs/apps/xilinx/Vivado/current/scripts/rt/data/unisim_comp.v:66463' bound to instance 'MUXCY_I' of component 'MUXCY' [/thayerfs/home/f004hf2/workspace/module6/module6.gen/sources_1/bd/module6_hw/ipshared/6c6b/hdl/axi_timer_v2_0_vh_rfs.vhd:462]
INFO: [Synth 8-3491] module 'MUXCY' declared at '/thayerfs/apps/xilinx/Vivado/current/scripts/rt/data/unisim_comp.v:66463' bound to instance 'MUXCY_I' of component 'MUXCY' [/thayerfs/home/f004hf2/workspace/module6/module6.gen/sources_1/bd/module6_hw/ipshared/6c6b/hdl/axi_timer_v2_0_vh_rfs.vhd:462]
INFO: [Synth 8-3491] module 'MUXCY' declared at '/thayerfs/apps/xilinx/Vivado/current/scripts/rt/data/unisim_comp.v:66463' bound to instance 'MUXCY_I' of component 'MUXCY' [/thayerfs/home/f004hf2/workspace/module6/module6.gen/sources_1/bd/module6_hw/ipshared/6c6b/hdl/axi_timer_v2_0_vh_rfs.vhd:462]
INFO: [Synth 8-3491] module 'MUXCY' declared at '/thayerfs/apps/xilinx/Vivado/current/scripts/rt/data/unisim_comp.v:66463' bound to instance 'MUXCY_I' of component 'MUXCY' [/thayerfs/home/f004hf2/workspace/module6/module6.gen/sources_1/bd/module6_hw/ipshared/6c6b/hdl/axi_timer_v2_0_vh_rfs.vhd:462]
INFO: [Synth 8-3491] module 'MUXCY' declared at '/thayerfs/apps/xilinx/Vivado/current/scripts/rt/data/unisim_comp.v:66463' bound to instance 'MUXCY_I' of component 'MUXCY' [/thayerfs/home/f004hf2/workspace/module6/module6.gen/sources_1/bd/module6_hw/ipshared/6c6b/hdl/axi_timer_v2_0_vh_rfs.vhd:462]
INFO: [Synth 8-3491] module 'MUXCY' declared at '/thayerfs/apps/xilinx/Vivado/current/scripts/rt/data/unisim_comp.v:66463' bound to instance 'MUXCY_I' of component 'MUXCY' [/thayerfs/home/f004hf2/workspace/module6/module6.gen/sources_1/bd/module6_hw/ipshared/6c6b/hdl/axi_timer_v2_0_vh_rfs.vhd:462]
INFO: [Synth 8-3491] module 'MUXCY' declared at '/thayerfs/apps/xilinx/Vivado/current/scripts/rt/data/unisim_comp.v:66463' bound to instance 'MUXCY_I' of component 'MUXCY' [/thayerfs/home/f004hf2/workspace/module6/module6.gen/sources_1/bd/module6_hw/ipshared/6c6b/hdl/axi_timer_v2_0_vh_rfs.vhd:462]
INFO: [Synth 8-3491] module 'MUXCY' declared at '/thayerfs/apps/xilinx/Vivado/current/scripts/rt/data/unisim_comp.v:66463' bound to instance 'MUXCY_I' of component 'MUXCY' [/thayerfs/home/f004hf2/workspace/module6/module6.gen/sources_1/bd/module6_hw/ipshared/6c6b/hdl/axi_timer_v2_0_vh_rfs.vhd:462]
INFO: [Synth 8-3491] module 'MUXCY' declared at '/thayerfs/apps/xilinx/Vivado/current/scripts/rt/data/unisim_comp.v:66463' bound to instance 'MUXCY_I' of component 'MUXCY' [/thayerfs/home/f004hf2/workspace/module6/module6.gen/sources_1/bd/module6_hw/ipshared/6c6b/hdl/axi_timer_v2_0_vh_rfs.vhd:462]
INFO: [Synth 8-3491] module 'MUXCY' declared at '/thayerfs/apps/xilinx/Vivado/current/scripts/rt/data/unisim_comp.v:66463' bound to instance 'MUXCY_I' of component 'MUXCY' [/thayerfs/home/f004hf2/workspace/module6/module6.gen/sources_1/bd/module6_hw/ipshared/6c6b/hdl/axi_timer_v2_0_vh_rfs.vhd:462]
INFO: [Synth 8-3491] module 'MUXCY' declared at '/thayerfs/apps/xilinx/Vivado/current/scripts/rt/data/unisim_comp.v:66463' bound to instance 'MUXCY_I' of component 'MUXCY' [/thayerfs/home/f004hf2/workspace/module6/module6.gen/sources_1/bd/module6_hw/ipshared/6c6b/hdl/axi_timer_v2_0_vh_rfs.vhd:462]
INFO: [Synth 8-3491] module 'MUXCY' declared at '/thayerfs/apps/xilinx/Vivado/current/scripts/rt/data/unisim_comp.v:66463' bound to instance 'MUXCY_I' of component 'MUXCY' [/thayerfs/home/f004hf2/workspace/module6/module6.gen/sources_1/bd/module6_hw/ipshared/6c6b/hdl/axi_timer_v2_0_vh_rfs.vhd:462]
INFO: [Synth 8-3491] module 'MUXCY' declared at '/thayerfs/apps/xilinx/Vivado/current/scripts/rt/data/unisim_comp.v:66463' bound to instance 'MUXCY_I' of component 'MUXCY' [/thayerfs/home/f004hf2/workspace/module6/module6.gen/sources_1/bd/module6_hw/ipshared/6c6b/hdl/axi_timer_v2_0_vh_rfs.vhd:462]
INFO: [Synth 8-3491] module 'MUXCY' declared at '/thayerfs/apps/xilinx/Vivado/current/scripts/rt/data/unisim_comp.v:66463' bound to instance 'MUXCY_I' of component 'MUXCY' [/thayerfs/home/f004hf2/workspace/module6/module6.gen/sources_1/bd/module6_hw/ipshared/6c6b/hdl/axi_timer_v2_0_vh_rfs.vhd:462]
INFO: [Synth 8-3491] module 'MUXCY' declared at '/thayerfs/apps/xilinx/Vivado/current/scripts/rt/data/unisim_comp.v:66463' bound to instance 'MUXCY_I' of component 'MUXCY' [/thayerfs/home/f004hf2/workspace/module6/module6.gen/sources_1/bd/module6_hw/ipshared/6c6b/hdl/axi_timer_v2_0_vh_rfs.vhd:462]
INFO: [Synth 8-3491] module 'MUXCY' declared at '/thayerfs/apps/xilinx/Vivado/current/scripts/rt/data/unisim_comp.v:66463' bound to instance 'MUXCY_I' of component 'MUXCY' [/thayerfs/home/f004hf2/workspace/module6/module6.gen/sources_1/bd/module6_hw/ipshared/6c6b/hdl/axi_timer_v2_0_vh_rfs.vhd:462]
INFO: [Synth 8-3491] module 'MUXCY' declared at '/thayerfs/apps/xilinx/Vivado/current/scripts/rt/data/unisim_comp.v:66463' bound to instance 'MUXCY_I' of component 'MUXCY' [/thayerfs/home/f004hf2/workspace/module6/module6.gen/sources_1/bd/module6_hw/ipshared/6c6b/hdl/axi_timer_v2_0_vh_rfs.vhd:462]
INFO: [Synth 8-3491] module 'MUXCY' declared at '/thayerfs/apps/xilinx/Vivado/current/scripts/rt/data/unisim_comp.v:66463' bound to instance 'MUXCY_I' of component 'MUXCY' [/thayerfs/home/f004hf2/workspace/module6/module6.gen/sources_1/bd/module6_hw/ipshared/6c6b/hdl/axi_timer_v2_0_vh_rfs.vhd:462]
INFO: [Synth 8-3491] module 'MUXCY' declared at '/thayerfs/apps/xilinx/Vivado/current/scripts/rt/data/unisim_comp.v:66463' bound to instance 'MUXCY_I' of component 'MUXCY' [/thayerfs/home/f004hf2/workspace/module6/module6.gen/sources_1/bd/module6_hw/ipshared/6c6b/hdl/axi_timer_v2_0_vh_rfs.vhd:462]
INFO: [Synth 8-3491] module 'MUXCY' declared at '/thayerfs/apps/xilinx/Vivado/current/scripts/rt/data/unisim_comp.v:66463' bound to instance 'MUXCY_I' of component 'MUXCY' [/thayerfs/home/f004hf2/workspace/module6/module6.gen/sources_1/bd/module6_hw/ipshared/6c6b/hdl/axi_timer_v2_0_vh_rfs.vhd:462]
INFO: [Synth 8-3491] module 'MUXCY' declared at '/thayerfs/apps/xilinx/Vivado/current/scripts/rt/data/unisim_comp.v:66463' bound to instance 'MUXCY_I' of component 'MUXCY' [/thayerfs/home/f004hf2/workspace/module6/module6.gen/sources_1/bd/module6_hw/ipshared/6c6b/hdl/axi_timer_v2_0_vh_rfs.vhd:462]
INFO: [Synth 8-3491] module 'MUXCY' declared at '/thayerfs/apps/xilinx/Vivado/current/scripts/rt/data/unisim_comp.v:66463' bound to instance 'MUXCY_I' of component 'MUXCY' [/thayerfs/home/f004hf2/workspace/module6/module6.gen/sources_1/bd/module6_hw/ipshared/6c6b/hdl/axi_timer_v2_0_vh_rfs.vhd:462]
INFO: [Synth 8-3491] module 'MUXCY' declared at '/thayerfs/apps/xilinx/Vivado/current/scripts/rt/data/unisim_comp.v:66463' bound to instance 'MUXCY_I' of component 'MUXCY' [/thayerfs/home/f004hf2/workspace/module6/module6.gen/sources_1/bd/module6_hw/ipshared/6c6b/hdl/axi_timer_v2_0_vh_rfs.vhd:462]
INFO: [Synth 8-3491] module 'MUXCY' declared at '/thayerfs/apps/xilinx/Vivado/current/scripts/rt/data/unisim_comp.v:66463' bound to instance 'MUXCY_I' of component 'MUXCY' [/thayerfs/home/f004hf2/workspace/module6/module6.gen/sources_1/bd/module6_hw/ipshared/6c6b/hdl/axi_timer_v2_0_vh_rfs.vhd:462]
INFO: [Synth 8-3491] module 'MUXCY' declared at '/thayerfs/apps/xilinx/Vivado/current/scripts/rt/data/unisim_comp.v:66463' bound to instance 'MUXCY_I' of component 'MUXCY' [/thayerfs/home/f004hf2/workspace/module6/module6.gen/sources_1/bd/module6_hw/ipshared/6c6b/hdl/axi_timer_v2_0_vh_rfs.vhd:462]
INFO: [Synth 8-3491] module 'MUXCY' declared at '/thayerfs/apps/xilinx/Vivado/current/scripts/rt/data/unisim_comp.v:66463' bound to instance 'MUXCY_I' of component 'MUXCY' [/thayerfs/home/f004hf2/workspace/module6/module6.gen/sources_1/bd/module6_hw/ipshared/6c6b/hdl/axi_timer_v2_0_vh_rfs.vhd:462]
INFO: [Synth 8-3491] module 'MUXCY' declared at '/thayerfs/apps/xilinx/Vivado/current/scripts/rt/data/unisim_comp.v:66463' bound to instance 'MUXCY_I' of component 'MUXCY' [/thayerfs/home/f004hf2/workspace/module6/module6.gen/sources_1/bd/module6_hw/ipshared/6c6b/hdl/axi_timer_v2_0_vh_rfs.vhd:462]
INFO: [Synth 8-3491] module 'MUXCY' declared at '/thayerfs/apps/xilinx/Vivado/current/scripts/rt/data/unisim_comp.v:66463' bound to instance 'MUXCY_I' of component 'MUXCY' [/thayerfs/home/f004hf2/workspace/module6/module6.gen/sources_1/bd/module6_hw/ipshared/6c6b/hdl/axi_timer_v2_0_vh_rfs.vhd:462]
INFO: [Synth 8-3491] module 'MUXCY' declared at '/thayerfs/apps/xilinx/Vivado/current/scripts/rt/data/unisim_comp.v:66463' bound to instance 'MUXCY_I' of component 'MUXCY' [/thayerfs/home/f004hf2/workspace/module6/module6.gen/sources_1/bd/module6_hw/ipshared/6c6b/hdl/axi_timer_v2_0_vh_rfs.vhd:462]
INFO: [Synth 8-3491] module 'MUXCY' declared at '/thayerfs/apps/xilinx/Vivado/current/scripts/rt/data/unisim_comp.v:66463' bound to instance 'MUXCY_I' of component 'MUXCY' [/thayerfs/home/f004hf2/workspace/module6/module6.gen/sources_1/bd/module6_hw/ipshared/6c6b/hdl/axi_timer_v2_0_vh_rfs.vhd:462]
INFO: [Synth 8-3491] module 'MUXCY' declared at '/thayerfs/apps/xilinx/Vivado/current/scripts/rt/data/unisim_comp.v:66463' bound to instance 'MUXCY_I' of component 'MUXCY' [/thayerfs/home/f004hf2/workspace/module6/module6.gen/sources_1/bd/module6_hw/ipshared/6c6b/hdl/axi_timer_v2_0_vh_rfs.vhd:462]
INFO: [Synth 8-3491] module 'MUXCY' declared at '/thayerfs/apps/xilinx/Vivado/current/scripts/rt/data/unisim_comp.v:66463' bound to instance 'MUXCY_I' of component 'MUXCY' [/thayerfs/home/f004hf2/workspace/module6/module6.gen/sources_1/bd/module6_hw/ipshared/6c6b/hdl/axi_timer_v2_0_vh_rfs.vhd:462]
INFO: [Synth 8-3491] module 'MUXCY' declared at '/thayerfs/apps/xilinx/Vivado/current/scripts/rt/data/unisim_comp.v:66463' bound to instance 'MUXCY_I' of component 'MUXCY' [/thayerfs/home/f004hf2/workspace/module6/module6.gen/sources_1/bd/module6_hw/ipshared/6c6b/hdl/axi_timer_v2_0_vh_rfs.vhd:462]
INFO: [Synth 8-3491] module 'MUXCY' declared at '/thayerfs/apps/xilinx/Vivado/current/scripts/rt/data/unisim_comp.v:66463' bound to instance 'MUXCY_I' of component 'MUXCY' [/thayerfs/home/f004hf2/workspace/module6/module6.gen/sources_1/bd/module6_hw/ipshared/6c6b/hdl/axi_timer_v2_0_vh_rfs.vhd:462]
INFO: [Synth 8-3491] module 'MUXCY' declared at '/thayerfs/apps/xilinx/Vivado/current/scripts/rt/data/unisim_comp.v:66463' bound to instance 'MUXCY_I' of component 'MUXCY' [/thayerfs/home/f004hf2/workspace/module6/module6.gen/sources_1/bd/module6_hw/ipshared/6c6b/hdl/axi_timer_v2_0_vh_rfs.vhd:462]
INFO: [Synth 8-3491] module 'MUXCY' declared at '/thayerfs/apps/xilinx/Vivado/current/scripts/rt/data/unisim_comp.v:66463' bound to instance 'MUXCY_I' of component 'MUXCY' [/thayerfs/home/f004hf2/workspace/module6/module6.gen/sources_1/bd/module6_hw/ipshared/6c6b/hdl/axi_timer_v2_0_vh_rfs.vhd:462]
INFO: [Synth 8-3491] module 'MUXCY' declared at '/thayerfs/apps/xilinx/Vivado/current/scripts/rt/data/unisim_comp.v:66463' bound to instance 'MUXCY_I' of component 'MUXCY' [/thayerfs/home/f004hf2/workspace/module6/module6.gen/sources_1/bd/module6_hw/ipshared/6c6b/hdl/axi_timer_v2_0_vh_rfs.vhd:462]
INFO: [Synth 8-3491] module 'MUXCY' declared at '/thayerfs/apps/xilinx/Vivado/current/scripts/rt/data/unisim_comp.v:66463' bound to instance 'MUXCY_I' of component 'MUXCY' [/thayerfs/home/f004hf2/workspace/module6/module6.gen/sources_1/bd/module6_hw/ipshared/6c6b/hdl/axi_timer_v2_0_vh_rfs.vhd:462]
INFO: [Synth 8-3491] module 'MUXCY' declared at '/thayerfs/apps/xilinx/Vivado/current/scripts/rt/data/unisim_comp.v:66463' bound to instance 'MUXCY_I' of component 'MUXCY' [/thayerfs/home/f004hf2/workspace/module6/module6.gen/sources_1/bd/module6_hw/ipshared/6c6b/hdl/axi_timer_v2_0_vh_rfs.vhd:462]
INFO: [Synth 8-3491] module 'MUXCY' declared at '/thayerfs/apps/xilinx/Vivado/current/scripts/rt/data/unisim_comp.v:66463' bound to instance 'MUXCY_I' of component 'MUXCY' [/thayerfs/home/f004hf2/workspace/module6/module6.gen/sources_1/bd/module6_hw/ipshared/6c6b/hdl/axi_timer_v2_0_vh_rfs.vhd:462]
INFO: [Synth 8-3491] module 'MUXCY' declared at '/thayerfs/apps/xilinx/Vivado/current/scripts/rt/data/unisim_comp.v:66463' bound to instance 'MUXCY_I' of component 'MUXCY' [/thayerfs/home/f004hf2/workspace/module6/module6.gen/sources_1/bd/module6_hw/ipshared/6c6b/hdl/axi_timer_v2_0_vh_rfs.vhd:462]
INFO: [Synth 8-3491] module 'MUXCY' declared at '/thayerfs/apps/xilinx/Vivado/current/scripts/rt/data/unisim_comp.v:66463' bound to instance 'MUXCY_I' of component 'MUXCY' [/thayerfs/home/f004hf2/workspace/module6/module6.gen/sources_1/bd/module6_hw/ipshared/6c6b/hdl/axi_timer_v2_0_vh_rfs.vhd:462]
INFO: [Synth 8-3491] module 'MUXCY' declared at '/thayerfs/apps/xilinx/Vivado/current/scripts/rt/data/unisim_comp.v:66463' bound to instance 'MUXCY_I' of component 'MUXCY' [/thayerfs/home/f004hf2/workspace/module6/module6.gen/sources_1/bd/module6_hw/ipshared/6c6b/hdl/axi_timer_v2_0_vh_rfs.vhd:462]
INFO: [Synth 8-3491] module 'MUXCY' declared at '/thayerfs/apps/xilinx/Vivado/current/scripts/rt/data/unisim_comp.v:66463' bound to instance 'MUXCY_I' of component 'MUXCY' [/thayerfs/home/f004hf2/workspace/module6/module6.gen/sources_1/bd/module6_hw/ipshared/6c6b/hdl/axi_timer_v2_0_vh_rfs.vhd:462]
INFO: [Synth 8-3491] module 'MUXCY' declared at '/thayerfs/apps/xilinx/Vivado/current/scripts/rt/data/unisim_comp.v:66463' bound to instance 'MUXCY_I' of component 'MUXCY' [/thayerfs/home/f004hf2/workspace/module6/module6.gen/sources_1/bd/module6_hw/ipshared/6c6b/hdl/axi_timer_v2_0_vh_rfs.vhd:462]
INFO: [Synth 8-3491] module 'MUXCY' declared at '/thayerfs/apps/xilinx/Vivado/current/scripts/rt/data/unisim_comp.v:66463' bound to instance 'MUXCY_I' of component 'MUXCY' [/thayerfs/home/f004hf2/workspace/module6/module6.gen/sources_1/bd/module6_hw/ipshared/6c6b/hdl/axi_timer_v2_0_vh_rfs.vhd:462]
INFO: [Synth 8-3491] module 'MUXCY' declared at '/thayerfs/apps/xilinx/Vivado/current/scripts/rt/data/unisim_comp.v:66463' bound to instance 'MUXCY_I' of component 'MUXCY' [/thayerfs/home/f004hf2/workspace/module6/module6.gen/sources_1/bd/module6_hw/ipshared/6c6b/hdl/axi_timer_v2_0_vh_rfs.vhd:462]
INFO: [Synth 8-256] done synthesizing module 'mux_onehot_f' (2#1) [/thayerfs/home/f004hf2/workspace/module6/module6.gen/sources_1/bd/module6_hw/ipshared/6c6b/hdl/axi_timer_v2_0_vh_rfs.vhd:365]
INFO: [Synth 8-638] synthesizing module 'count_module' [/thayerfs/home/f004hf2/workspace/module6/module6.gen/sources_1/bd/module6_hw/ipshared/6c6b/hdl/axi_timer_v2_0_vh_rfs.vhd:1438]
INFO: [Synth 8-113] binding component instance 'LOAD_REG_I' to cell 'FDRE' [/thayerfs/home/f004hf2/workspace/module6/module6.gen/sources_1/bd/module6_hw/ipshared/6c6b/hdl/axi_timer_v2_0_vh_rfs.vhd:1474]
INFO: [Synth 8-113] binding component instance 'LOAD_REG_I' to cell 'FDRE' [/thayerfs/home/f004hf2/workspace/module6/module6.gen/sources_1/bd/module6_hw/ipshared/6c6b/hdl/axi_timer_v2_0_vh_rfs.vhd:1474]
INFO: [Synth 8-113] binding component instance 'LOAD_REG_I' to cell 'FDRE' [/thayerfs/home/f004hf2/workspace/module6/module6.gen/sources_1/bd/module6_hw/ipshared/6c6b/hdl/axi_timer_v2_0_vh_rfs.vhd:1474]
INFO: [Synth 8-113] binding component instance 'LOAD_REG_I' to cell 'FDRE' [/thayerfs/home/f004hf2/workspace/module6/module6.gen/sources_1/bd/module6_hw/ipshared/6c6b/hdl/axi_timer_v2_0_vh_rfs.vhd:1474]
INFO: [Synth 8-113] binding component instance 'LOAD_REG_I' to cell 'FDRE' [/thayerfs/home/f004hf2/workspace/module6/module6.gen/sources_1/bd/module6_hw/ipshared/6c6b/hdl/axi_timer_v2_0_vh_rfs.vhd:1474]
INFO: [Synth 8-113] binding component instance 'LOAD_REG_I' to cell 'FDRE' [/thayerfs/home/f004hf2/workspace/module6/module6.gen/sources_1/bd/module6_hw/ipshared/6c6b/hdl/axi_timer_v2_0_vh_rfs.vhd:1474]
INFO: [Synth 8-113] binding component instance 'LOAD_REG_I' to cell 'FDRE' [/thayerfs/home/f004hf2/workspace/module6/module6.gen/sources_1/bd/module6_hw/ipshared/6c6b/hdl/axi_timer_v2_0_vh_rfs.vhd:1474]
INFO: [Synth 8-113] binding component instance 'LOAD_REG_I' to cell 'FDRE' [/thayerfs/home/f004hf2/workspace/module6/module6.gen/sources_1/bd/module6_hw/ipshared/6c6b/hdl/axi_timer_v2_0_vh_rfs.vhd:1474]
INFO: [Synth 8-113] binding component instance 'LOAD_REG_I' to cell 'FDRE' [/thayerfs/home/f004hf2/workspace/module6/module6.gen/sources_1/bd/module6_hw/ipshared/6c6b/hdl/axi_timer_v2_0_vh_rfs.vhd:1474]
INFO: [Synth 8-113] binding component instance 'LOAD_REG_I' to cell 'FDRE' [/thayerfs/home/f004hf2/workspace/module6/module6.gen/sources_1/bd/module6_hw/ipshared/6c6b/hdl/axi_timer_v2_0_vh_rfs.vhd:1474]
INFO: [Synth 8-113] binding component instance 'LOAD_REG_I' to cell 'FDRE' [/thayerfs/home/f004hf2/workspace/module6/module6.gen/sources_1/bd/module6_hw/ipshared/6c6b/hdl/axi_timer_v2_0_vh_rfs.vhd:1474]
INFO: [Synth 8-113] binding component instance 'LOAD_REG_I' to cell 'FDRE' [/thayerfs/home/f004hf2/workspace/module6/module6.gen/sources_1/bd/module6_hw/ipshared/6c6b/hdl/axi_timer_v2_0_vh_rfs.vhd:1474]
INFO: [Synth 8-113] binding component instance 'LOAD_REG_I' to cell 'FDRE' [/thayerfs/home/f004hf2/workspace/module6/module6.gen/sources_1/bd/module6_hw/ipshared/6c6b/hdl/axi_timer_v2_0_vh_rfs.vhd:1474]
INFO: [Synth 8-113] binding component instance 'LOAD_REG_I' to cell 'FDRE' [/thayerfs/home/f004hf2/workspace/module6/module6.gen/sources_1/bd/module6_hw/ipshared/6c6b/hdl/axi_timer_v2_0_vh_rfs.vhd:1474]
INFO: [Synth 8-113] binding component instance 'LOAD_REG_I' to cell 'FDRE' [/thayerfs/home/f004hf2/workspace/module6/module6.gen/sources_1/bd/module6_hw/ipshared/6c6b/hdl/axi_timer_v2_0_vh_rfs.vhd:1474]
INFO: [Synth 8-113] binding component instance 'LOAD_REG_I' to cell 'FDRE' [/thayerfs/home/f004hf2/workspace/module6/module6.gen/sources_1/bd/module6_hw/ipshared/6c6b/hdl/axi_timer_v2_0_vh_rfs.vhd:1474]
INFO: [Synth 8-113] binding component instance 'LOAD_REG_I' to cell 'FDRE' [/thayerfs/home/f004hf2/workspace/module6/module6.gen/sources_1/bd/module6_hw/ipshared/6c6b/hdl/axi_timer_v2_0_vh_rfs.vhd:1474]
INFO: [Synth 8-113] binding component instance 'LOAD_REG_I' to cell 'FDRE' [/thayerfs/home/f004hf2/workspace/module6/module6.gen/sources_1/bd/module6_hw/ipshared/6c6b/hdl/axi_timer_v2_0_vh_rfs.vhd:1474]
INFO: [Synth 8-113] binding component instance 'LOAD_REG_I' to cell 'FDRE' [/thayerfs/home/f004hf2/workspace/module6/module6.gen/sources_1/bd/module6_hw/ipshared/6c6b/hdl/axi_timer_v2_0_vh_rfs.vhd:1474]
INFO: [Synth 8-113] binding component instance 'LOAD_REG_I' to cell 'FDRE' [/thayerfs/home/f004hf2/workspace/module6/module6.gen/sources_1/bd/module6_hw/ipshared/6c6b/hdl/axi_timer_v2_0_vh_rfs.vhd:1474]
INFO: [Synth 8-113] binding component instance 'LOAD_REG_I' to cell 'FDRE' [/thayerfs/home/f004hf2/workspace/module6/module6.gen/sources_1/bd/module6_hw/ipshared/6c6b/hdl/axi_timer_v2_0_vh_rfs.vhd:1474]
INFO: [Synth 8-113] binding component instance 'LOAD_REG_I' to cell 'FDRE' [/thayerfs/home/f004hf2/workspace/module6/module6.gen/sources_1/bd/module6_hw/ipshared/6c6b/hdl/axi_timer_v2_0_vh_rfs.vhd:1474]
INFO: [Synth 8-113] binding component instance 'LOAD_REG_I' to cell 'FDRE' [/thayerfs/home/f004hf2/workspace/module6/module6.gen/sources_1/bd/module6_hw/ipshared/6c6b/hdl/axi_timer_v2_0_vh_rfs.vhd:1474]
INFO: [Synth 8-113] binding component instance 'LOAD_REG_I' to cell 'FDRE' [/thayerfs/home/f004hf2/workspace/module6/module6.gen/sources_1/bd/module6_hw/ipshared/6c6b/hdl/axi_timer_v2_0_vh_rfs.vhd:1474]
INFO: [Synth 8-113] binding component instance 'LOAD_REG_I' to cell 'FDRE' [/thayerfs/home/f004hf2/workspace/module6/module6.gen/sources_1/bd/module6_hw/ipshared/6c6b/hdl/axi_timer_v2_0_vh_rfs.vhd:1474]
INFO: [Synth 8-113] binding component instance 'LOAD_REG_I' to cell 'FDRE' [/thayerfs/home/f004hf2/workspace/module6/module6.gen/sources_1/bd/module6_hw/ipshared/6c6b/hdl/axi_timer_v2_0_vh_rfs.vhd:1474]
INFO: [Synth 8-113] binding component instance 'LOAD_REG_I' to cell 'FDRE' [/thayerfs/home/f004hf2/workspace/module6/module6.gen/sources_1/bd/module6_hw/ipshared/6c6b/hdl/axi_timer_v2_0_vh_rfs.vhd:1474]
INFO: [Synth 8-113] binding component instance 'LOAD_REG_I' to cell 'FDRE' [/thayerfs/home/f004hf2/workspace/module6/module6.gen/sources_1/bd/module6_hw/ipshared/6c6b/hdl/axi_timer_v2_0_vh_rfs.vhd:1474]
INFO: [Synth 8-113] binding component instance 'LOAD_REG_I' to cell 'FDRE' [/thayerfs/home/f004hf2/workspace/module6/module6.gen/sources_1/bd/module6_hw/ipshared/6c6b/hdl/axi_timer_v2_0_vh_rfs.vhd:1474]
INFO: [Synth 8-113] binding component instance 'LOAD_REG_I' to cell 'FDRE' [/thayerfs/home/f004hf2/workspace/module6/module6.gen/sources_1/bd/module6_hw/ipshared/6c6b/hdl/axi_timer_v2_0_vh_rfs.vhd:1474]
INFO: [Synth 8-113] binding component instance 'LOAD_REG_I' to cell 'FDRE' [/thayerfs/home/f004hf2/workspace/module6/module6.gen/sources_1/bd/module6_hw/ipshared/6c6b/hdl/axi_timer_v2_0_vh_rfs.vhd:1474]
INFO: [Synth 8-113] binding component instance 'LOAD_REG_I' to cell 'FDRE' [/thayerfs/home/f004hf2/workspace/module6/module6.gen/sources_1/bd/module6_hw/ipshared/6c6b/hdl/axi_timer_v2_0_vh_rfs.vhd:1474]
INFO: [Synth 8-638] synthesizing module 'counter_f' [/thayerfs/home/f004hf2/workspace/module6/module6.gen/sources_1/bd/module6_hw/ipshared/6c6b/hdl/axi_timer_v2_0_vh_rfs.vhd:148]
INFO: [Synth 8-256] done synthesizing module 'counter_f' (3#1) [/thayerfs/home/f004hf2/workspace/module6/module6.gen/sources_1/bd/module6_hw/ipshared/6c6b/hdl/axi_timer_v2_0_vh_rfs.vhd:148]
INFO: [Synth 8-256] done synthesizing module 'count_module' (4#1) [/thayerfs/home/f004hf2/workspace/module6/module6.gen/sources_1/bd/module6_hw/ipshared/6c6b/hdl/axi_timer_v2_0_vh_rfs.vhd:1438]
INFO: [Synth 8-638] synthesizing module 'timer_control' [/thayerfs/home/f004hf2/workspace/module6/module6.gen/sources_1/bd/module6_hw/ipshared/6c6b/hdl/axi_timer_v2_0_vh_rfs.vhd:835]
INFO: [Synth 8-113] binding component instance 'TCSR0_FF_I' to cell 'FDRSE' [/thayerfs/home/f004hf2/workspace/module6/module6.gen/sources_1/bd/module6_hw/ipshared/6c6b/hdl/axi_timer_v2_0_vh_rfs.vhd:921]
INFO: [Synth 8-113] binding component instance 'TCSR0_FF_I' to cell 'FDRSE' [/thayerfs/home/f004hf2/workspace/module6/module6.gen/sources_1/bd/module6_hw/ipshared/6c6b/hdl/axi_timer_v2_0_vh_rfs.vhd:921]
INFO: [Synth 8-113] binding component instance 'TCSR0_FF_I' to cell 'FDRSE' [/thayerfs/home/f004hf2/workspace/module6/module6.gen/sources_1/bd/module6_hw/ipshared/6c6b/hdl/axi_timer_v2_0_vh_rfs.vhd:921]
INFO: [Synth 8-113] binding component instance 'TCSR0_FF_I' to cell 'FDRSE' [/thayerfs/home/f004hf2/workspace/module6/module6.gen/sources_1/bd/module6_hw/ipshared/6c6b/hdl/axi_timer_v2_0_vh_rfs.vhd:921]
INFO: [Synth 8-113] binding component instance 'TCSR0_FF_I' to cell 'FDRSE' [/thayerfs/home/f004hf2/workspace/module6/module6.gen/sources_1/bd/module6_hw/ipshared/6c6b/hdl/axi_timer_v2_0_vh_rfs.vhd:921]
INFO: [Synth 8-113] binding component instance 'TCSR0_FF_I' to cell 'FDRSE' [/thayerfs/home/f004hf2/workspace/module6/module6.gen/sources_1/bd/module6_hw/ipshared/6c6b/hdl/axi_timer_v2_0_vh_rfs.vhd:921]
INFO: [Synth 8-113] binding component instance 'TCSR0_FF_I' to cell 'FDRSE' [/thayerfs/home/f004hf2/workspace/module6/module6.gen/sources_1/bd/module6_hw/ipshared/6c6b/hdl/axi_timer_v2_0_vh_rfs.vhd:921]
INFO: [Synth 8-113] binding component instance 'TCSR0_FF_I' to cell 'FDRSE' [/thayerfs/home/f004hf2/workspace/module6/module6.gen/sources_1/bd/module6_hw/ipshared/6c6b/hdl/axi_timer_v2_0_vh_rfs.vhd:921]
INFO: [Synth 8-113] binding component instance 'TCSR0_FF_I' to cell 'FDRSE' [/thayerfs/home/f004hf2/workspace/module6/module6.gen/sources_1/bd/module6_hw/ipshared/6c6b/hdl/axi_timer_v2_0_vh_rfs.vhd:921]
INFO: [Synth 8-113] binding component instance 'TCSR0_FF_I' to cell 'FDRSE' [/thayerfs/home/f004hf2/workspace/module6/module6.gen/sources_1/bd/module6_hw/ipshared/6c6b/hdl/axi_timer_v2_0_vh_rfs.vhd:921]
INFO: [Synth 8-113] binding component instance 'TCSR0_FF_I' to cell 'FDRSE' [/thayerfs/home/f004hf2/workspace/module6/module6.gen/sources_1/bd/module6_hw/ipshared/6c6b/hdl/axi_timer_v2_0_vh_rfs.vhd:921]
INFO: [Synth 8-113] binding component instance 'TCSR0_FF_I' to cell 'FDRSE' [/thayerfs/home/f004hf2/workspace/module6/module6.gen/sources_1/bd/module6_hw/ipshared/6c6b/hdl/axi_timer_v2_0_vh_rfs.vhd:921]
INFO: [Synth 8-113] binding component instance 'TCSR1_FF_I' to cell 'FDRSE' [/thayerfs/home/f004hf2/workspace/module6/module6.gen/sources_1/bd/module6_hw/ipshared/6c6b/hdl/axi_timer_v2_0_vh_rfs.vhd:1002]
INFO: [Synth 8-113] binding component instance 'TCSR1_FF_I' to cell 'FDRSE' [/thayerfs/home/f004hf2/workspace/module6/module6.gen/sources_1/bd/module6_hw/ipshared/6c6b/hdl/axi_timer_v2_0_vh_rfs.vhd:1002]
INFO: [Synth 8-113] binding component instance 'TCSR1_FF_I' to cell 'FDRSE' [/thayerfs/home/f004hf2/workspace/module6/module6.gen/sources_1/bd/module6_hw/ipshared/6c6b/hdl/axi_timer_v2_0_vh_rfs.vhd:1002]
INFO: [Synth 8-113] binding component instance 'TCSR1_FF_I' to cell 'FDRSE' [/thayerfs/home/f004hf2/workspace/module6/module6.gen/sources_1/bd/module6_hw/ipshared/6c6b/hdl/axi_timer_v2_0_vh_rfs.vhd:1002]
INFO: [Synth 8-113] binding component instance 'TCSR1_FF_I' to cell 'FDRSE' [/thayerfs/home/f004hf2/workspace/module6/module6.gen/sources_1/bd/module6_hw/ipshared/6c6b/hdl/axi_timer_v2_0_vh_rfs.vhd:1002]
INFO: [Synth 8-113] binding component instance 'TCSR1_FF_I' to cell 'FDRSE' [/thayerfs/home/f004hf2/workspace/module6/module6.gen/sources_1/bd/module6_hw/ipshared/6c6b/hdl/axi_timer_v2_0_vh_rfs.vhd:1002]
INFO: [Synth 8-113] binding component instance 'TCSR1_FF_I' to cell 'FDRSE' [/thayerfs/home/f004hf2/workspace/module6/module6.gen/sources_1/bd/module6_hw/ipshared/6c6b/hdl/axi_timer_v2_0_vh_rfs.vhd:1002]
INFO: [Synth 8-113] binding component instance 'TCSR1_FF_I' to cell 'FDRSE' [/thayerfs/home/f004hf2/workspace/module6/module6.gen/sources_1/bd/module6_hw/ipshared/6c6b/hdl/axi_timer_v2_0_vh_rfs.vhd:1002]
INFO: [Synth 8-113] binding component instance 'TCSR1_FF_I' to cell 'FDRSE' [/thayerfs/home/f004hf2/workspace/module6/module6.gen/sources_1/bd/module6_hw/ipshared/6c6b/hdl/axi_timer_v2_0_vh_rfs.vhd:1002]
INFO: [Synth 8-113] binding component instance 'TCSR1_FF_I' to cell 'FDRSE' [/thayerfs/home/f004hf2/workspace/module6/module6.gen/sources_1/bd/module6_hw/ipshared/6c6b/hdl/axi_timer_v2_0_vh_rfs.vhd:1002]
INFO: [Synth 8-113] binding component instance 'TCSR1_FF_I' to cell 'FDRSE' [/thayerfs/home/f004hf2/workspace/module6/module6.gen/sources_1/bd/module6_hw/ipshared/6c6b/hdl/axi_timer_v2_0_vh_rfs.vhd:1002]
INFO: [Synth 8-113] binding component instance 'READ_DONE0_I' to cell 'FDRSE' [/thayerfs/home/f004hf2/workspace/module6/module6.gen/sources_1/bd/module6_hw/ipshared/6c6b/hdl/axi_timer_v2_0_vh_rfs.vhd:1074]
INFO: [Synth 8-113] binding component instance 'READ_DONE1_I' to cell 'FDRSE' [/thayerfs/home/f004hf2/workspace/module6/module6.gen/sources_1/bd/module6_hw/ipshared/6c6b/hdl/axi_timer_v2_0_vh_rfs.vhd:1084]
INFO: [Synth 8-638] synthesizing module 'cdc_sync' [/thayerfs/home/f004hf2/workspace/module6/module6.gen/sources_1/bd/module6_hw/ipshared/ef1e/hdl/lib_cdc_v1_0_rfs.vhd:106]
	Parameter INIT bound to: 1'b0 
INFO: [Synth 8-113] binding component instance 'CROSS_PLEVEL_IN2SCNDRY_IN_cdc_to' to cell 'FDR' [/thayerfs/home/f004hf2/workspace/module6/module6.gen/sources_1/bd/module6_hw/ipshared/ef1e/hdl/lib_cdc_v1_0_rfs.vhd:514]
	Parameter INIT bound to: 1'b0 
INFO: [Synth 8-113] binding component instance 'CROSS_PLEVEL_IN2SCNDRY_s_level_out_d2' to cell 'FDR' [/thayerfs/home/f004hf2/workspace/module6/module6.gen/sources_1/bd/module6_hw/ipshared/ef1e/hdl/lib_cdc_v1_0_rfs.vhd:545]
	Parameter INIT bound to: 1'b0 
INFO: [Synth 8-113] binding component instance 'CROSS_PLEVEL_IN2SCNDRY_s_level_out_d3' to cell 'FDR' [/thayerfs/home/f004hf2/workspace/module6/module6.gen/sources_1/bd/module6_hw/ipshared/ef1e/hdl/lib_cdc_v1_0_rfs.vhd:554]
	Parameter INIT bound to: 1'b0 
INFO: [Synth 8-113] binding component instance 'CROSS_PLEVEL_IN2SCNDRY_s_level_out_d4' to cell 'FDR' [/thayerfs/home/f004hf2/workspace/module6/module6.gen/sources_1/bd/module6_hw/ipshared/ef1e/hdl/lib_cdc_v1_0_rfs.vhd:564]
	Parameter INIT bound to: 1'b0 
INFO: [Synth 8-113] binding component instance 'CROSS_PLEVEL_IN2SCNDRY_s_level_out_d5' to cell 'FDR' [/thayerfs/home/f004hf2/workspace/module6/module6.gen/sources_1/bd/module6_hw/ipshared/ef1e/hdl/lib_cdc_v1_0_rfs.vhd:574]
	Parameter INIT bound to: 1'b0 
INFO: [Synth 8-113] binding component instance 'CROSS_PLEVEL_IN2SCNDRY_s_level_out_d6' to cell 'FDR' [/thayerfs/home/f004hf2/workspace/module6/module6.gen/sources_1/bd/module6_hw/ipshared/ef1e/hdl/lib_cdc_v1_0_rfs.vhd:584]
INFO: [Synth 8-256] done synthesizing module 'cdc_sync' (5#1) [/thayerfs/home/f004hf2/workspace/module6/module6.gen/sources_1/bd/module6_hw/ipshared/ef1e/hdl/lib_cdc_v1_0_rfs.vhd:106]
INFO: [Synth 8-256] done synthesizing module 'timer_control' (6#1) [/thayerfs/home/f004hf2/workspace/module6/module6.gen/sources_1/bd/module6_hw/ipshared/6c6b/hdl/axi_timer_v2_0_vh_rfs.vhd:835]
INFO: [Synth 8-113] binding component instance 'PWM_FF_I' to cell 'FDRS' [/thayerfs/home/f004hf2/workspace/module6/module6.gen/sources_1/bd/module6_hw/ipshared/6c6b/hdl/axi_timer_v2_0_vh_rfs.vhd:1910]
INFO: [Synth 8-256] done synthesizing module 'tc_core' (7#1) [/thayerfs/home/f004hf2/workspace/module6/module6.gen/sources_1/bd/module6_hw/ipshared/6c6b/hdl/axi_timer_v2_0_vh_rfs.vhd:1704]
INFO: [Synth 8-638] synthesizing module 'axi_lite_ipif' [/thayerfs/home/f004hf2/workspace/module6/module6.gen/sources_1/bd/module6_hw/ipshared/66ea/hdl/axi_lite_ipif_v3_0_vh_rfs.vhd:2948]
INFO: [Synth 8-638] synthesizing module 'slave_attachment' [/thayerfs/home/f004hf2/workspace/module6/module6.gen/sources_1/bd/module6_hw/ipshared/66ea/hdl/axi_lite_ipif_v3_0_vh_rfs.vhd:2341]
INFO: [Synth 8-638] synthesizing module 'address_decoder' [/thayerfs/home/f004hf2/workspace/module6/module6.gen/sources_1/bd/module6_hw/ipshared/66ea/hdl/axi_lite_ipif_v3_0_vh_rfs.vhd:1775]
INFO: [Synth 8-638] synthesizing module 'pselect_f' [/thayerfs/home/f004hf2/workspace/module6/module6.gen/sources_1/bd/module6_hw/ipshared/66ea/hdl/axi_lite_ipif_v3_0_vh_rfs.vhd:1534]
INFO: [Synth 8-256] done synthesizing module 'pselect_f' (8#1) [/thayerfs/home/f004hf2/workspace/module6/module6.gen/sources_1/bd/module6_hw/ipshared/66ea/hdl/axi_lite_ipif_v3_0_vh_rfs.vhd:1534]
INFO: [Synth 8-638] synthesizing module 'pselect_f__parameterized0' [/thayerfs/home/f004hf2/workspace/module6/module6.gen/sources_1/bd/module6_hw/ipshared/66ea/hdl/axi_lite_ipif_v3_0_vh_rfs.vhd:1534]
INFO: [Synth 8-256] done synthesizing module 'pselect_f__parameterized0' (8#1) [/thayerfs/home/f004hf2/workspace/module6/module6.gen/sources_1/bd/module6_hw/ipshared/66ea/hdl/axi_lite_ipif_v3_0_vh_rfs.vhd:1534]
INFO: [Synth 8-638] synthesizing module 'pselect_f__parameterized1' [/thayerfs/home/f004hf2/workspace/module6/module6.gen/sources_1/bd/module6_hw/ipshared/66ea/hdl/axi_lite_ipif_v3_0_vh_rfs.vhd:1534]
INFO: [Synth 8-256] done synthesizing module 'pselect_f__parameterized1' (8#1) [/thayerfs/home/f004hf2/workspace/module6/module6.gen/sources_1/bd/module6_hw/ipshared/66ea/hdl/axi_lite_ipif_v3_0_vh_rfs.vhd:1534]
INFO: [Synth 8-638] synthesizing module 'pselect_f__parameterized2' [/thayerfs/home/f004hf2/workspace/module6/module6.gen/sources_1/bd/module6_hw/ipshared/66ea/hdl/axi_lite_ipif_v3_0_vh_rfs.vhd:1534]
INFO: [Synth 8-256] done synthesizing module 'pselect_f__parameterized2' (8#1) [/thayerfs/home/f004hf2/workspace/module6/module6.gen/sources_1/bd/module6_hw/ipshared/66ea/hdl/axi_lite_ipif_v3_0_vh_rfs.vhd:1534]
INFO: [Synth 8-638] synthesizing module 'pselect_f__parameterized3' [/thayerfs/home/f004hf2/workspace/module6/module6.gen/sources_1/bd/module6_hw/ipshared/66ea/hdl/axi_lite_ipif_v3_0_vh_rfs.vhd:1534]
INFO: [Synth 8-256] done synthesizing module 'pselect_f__parameterized3' (8#1) [/thayerfs/home/f004hf2/workspace/module6/module6.gen/sources_1/bd/module6_hw/ipshared/66ea/hdl/axi_lite_ipif_v3_0_vh_rfs.vhd:1534]
INFO: [Synth 8-638] synthesizing module 'pselect_f__parameterized4' [/thayerfs/home/f004hf2/workspace/module6/module6.gen/sources_1/bd/module6_hw/ipshared/66ea/hdl/axi_lite_ipif_v3_0_vh_rfs.vhd:1534]
INFO: [Synth 8-256] done synthesizing module 'pselect_f__parameterized4' (8#1) [/thayerfs/home/f004hf2/workspace/module6/module6.gen/sources_1/bd/module6_hw/ipshared/66ea/hdl/axi_lite_ipif_v3_0_vh_rfs.vhd:1534]
INFO: [Synth 8-638] synthesizing module 'pselect_f__parameterized5' [/thayerfs/home/f004hf2/workspace/module6/module6.gen/sources_1/bd/module6_hw/ipshared/66ea/hdl/axi_lite_ipif_v3_0_vh_rfs.vhd:1534]
INFO: [Synth 8-256] done synthesizing module 'pselect_f__parameterized5' (8#1) [/thayerfs/home/f004hf2/workspace/module6/module6.gen/sources_1/bd/module6_hw/ipshared/66ea/hdl/axi_lite_ipif_v3_0_vh_rfs.vhd:1534]
INFO: [Synth 8-638] synthesizing module 'pselect_f__parameterized6' [/thayerfs/home/f004hf2/workspace/module6/module6.gen/sources_1/bd/module6_hw/ipshared/66ea/hdl/axi_lite_ipif_v3_0_vh_rfs.vhd:1534]
INFO: [Synth 8-256] done synthesizing module 'pselect_f__parameterized6' (8#1) [/thayerfs/home/f004hf2/workspace/module6/module6.gen/sources_1/bd/module6_hw/ipshared/66ea/hdl/axi_lite_ipif_v3_0_vh_rfs.vhd:1534]
INFO: [Synth 8-256] done synthesizing module 'address_decoder' (9#1) [/thayerfs/home/f004hf2/workspace/module6/module6.gen/sources_1/bd/module6_hw/ipshared/66ea/hdl/axi_lite_ipif_v3_0_vh_rfs.vhd:1775]
INFO: [Synth 8-226] default block is never used [/thayerfs/home/f004hf2/workspace/module6/module6.gen/sources_1/bd/module6_hw/ipshared/66ea/hdl/axi_lite_ipif_v3_0_vh_rfs.vhd:2550]
INFO: [Synth 8-256] done synthesizing module 'slave_attachment' (10#1) [/thayerfs/home/f004hf2/workspace/module6/module6.gen/sources_1/bd/module6_hw/ipshared/66ea/hdl/axi_lite_ipif_v3_0_vh_rfs.vhd:2341]
INFO: [Synth 8-256] done synthesizing module 'axi_lite_ipif' (11#1) [/thayerfs/home/f004hf2/workspace/module6/module6.gen/sources_1/bd/module6_hw/ipshared/66ea/hdl/axi_lite_ipif_v3_0_vh_rfs.vhd:2948]
INFO: [Synth 8-256] done synthesizing module 'axi_timer' (12#1) [/thayerfs/home/f004hf2/workspace/module6/module6.gen/sources_1/bd/module6_hw/ipshared/6c6b/hdl/axi_timer_v2_0_vh_rfs.vhd:2143]
INFO: [Synth 8-256] done synthesizing module 'module6_hw_axi_timer_0_0' (13#1) [/thayerfs/home/f004hf2/workspace/module6/module6.gen/sources_1/bd/module6_hw/ip/module6_hw_axi_timer_0_0/synth/module6_hw_axi_timer_0_0.vhd:90]
WARNING: [Synth 8-7129] Port Address_In_Erly[3] in module address_decoder is either unconnected or has no load
WARNING: [Synth 8-7129] Port Address_In_Erly[4] in module address_decoder is either unconnected or has no load
WARNING: [Synth 8-7129] Port Bus_RNW in module address_decoder is either unconnected or has no load
WARNING: [Synth 8-7129] Port S_AXI_WSTRB[3] in module slave_attachment is either unconnected or has no load
WARNING: [Synth 8-7129] Port S_AXI_WSTRB[2] in module slave_attachment is either unconnected or has no load
WARNING: [Synth 8-7129] Port S_AXI_WSTRB[1] in module slave_attachment is either unconnected or has no load
WARNING: [Synth 8-7129] Port S_AXI_WSTRB[0] in module slave_attachment is either unconnected or has no load
WARNING: [Synth 8-7129] Port prmry_aclk in module cdc_sync is either unconnected or has no load
WARNING: [Synth 8-7129] Port prmry_resetn in module cdc_sync is either unconnected or has no load
WARNING: [Synth 8-7129] Port prmry_vect_in[31] in module cdc_sync is either unconnected or has no load
WARNING: [Synth 8-7129] Port prmry_vect_in[30] in module cdc_sync is either unconnected or has no load
WARNING: [Synth 8-7129] Port prmry_vect_in[29] in module cdc_sync is either unconnected or has no load
WARNING: [Synth 8-7129] Port prmry_vect_in[28] in module cdc_sync is either unconnected or has no load
WARNING: [Synth 8-7129] Port prmry_vect_in[27] in module cdc_sync is either unconnected or has no load
WARNING: [Synth 8-7129] Port prmry_vect_in[26] in module cdc_sync is either unconnected or has no load
WARNING: [Synth 8-7129] Port prmry_vect_in[25] in module cdc_sync is either unconnected or has no load
WARNING: [Synth 8-7129] Port prmry_vect_in[24] in module cdc_sync is either unconnected or has no load
WARNING: [Synth 8-7129] Port prmry_vect_in[23] in module cdc_sync is either unconnected or has no load
WARNING: [Synth 8-7129] Port prmry_vect_in[22] in module cdc_sync is either unconnected or has no load
WARNING: [Synth 8-7129] Port prmry_vect_in[21] in module cdc_sync is either unconnected or has no load
WARNING: [Synth 8-7129] Port prmry_vect_in[20] in module cdc_sync is either unconnected or has no load
WARNING: [Synth 8-7129] Port prmry_vect_in[19] in module cdc_sync is either unconnected or has no load
WARNING: [Synth 8-7129] Port prmry_vect_in[18] in module cdc_sync is either unconnected or has no load
WARNING: [Synth 8-7129] Port prmry_vect_in[17] in module cdc_sync is either unconnected or has no load
WARNING: [Synth 8-7129] Port prmry_vect_in[16] in module cdc_sync is either unconnected or has no load
WARNING: [Synth 8-7129] Port prmry_vect_in[15] in module cdc_sync is either unconnected or has no load
WARNING: [Synth 8-7129] Port prmry_vect_in[14] in module cdc_sync is either unconnected or has no load
WARNING: [Synth 8-7129] Port prmry_vect_in[13] in module cdc_sync is either unconnected or has no load
WARNING: [Synth 8-7129] Port prmry_vect_in[12] in module cdc_sync is either unconnected or has no load
WARNING: [Synth 8-7129] Port prmry_vect_in[11] in module cdc_sync is either unconnected or has no load
WARNING: [Synth 8-7129] Port prmry_vect_in[10] in module cdc_sync is either unconnected or has no load
WARNING: [Synth 8-7129] Port prmry_vect_in[9] in module cdc_sync is either unconnected or has no load
WARNING: [Synth 8-7129] Port prmry_vect_in[8] in module cdc_sync is either unconnected or has no load
WARNING: [Synth 8-7129] Port prmry_vect_in[7] in module cdc_sync is either unconnected or has no load
WARNING: [Synth 8-7129] Port prmry_vect_in[6] in module cdc_sync is either unconnected or has no load
WARNING: [Synth 8-7129] Port prmry_vect_in[5] in module cdc_sync is either unconnected or has no load
WARNING: [Synth 8-7129] Port prmry_vect_in[4] in module cdc_sync is either unconnected or has no load
WARNING: [Synth 8-7129] Port prmry_vect_in[3] in module cdc_sync is either unconnected or has no load
WARNING: [Synth 8-7129] Port prmry_vect_in[2] in module cdc_sync is either unconnected or has no load
WARNING: [Synth 8-7129] Port prmry_vect_in[1] in module cdc_sync is either unconnected or has no load
WARNING: [Synth 8-7129] Port prmry_vect_in[0] in module cdc_sync is either unconnected or has no load
WARNING: [Synth 8-7129] Port scndry_resetn in module cdc_sync is either unconnected or has no load
WARNING: [Synth 8-7129] Port Bus2ip_data[0] in module timer_control is either unconnected or has no load
WARNING: [Synth 8-7129] Port Bus2ip_data[1] in module timer_control is either unconnected or has no load
WARNING: [Synth 8-7129] Port Bus2ip_data[2] in module timer_control is either unconnected or has no load
WARNING: [Synth 8-7129] Port Bus2ip_data[3] in module timer_control is either unconnected or has no load
WARNING: [Synth 8-7129] Port Bus2ip_data[4] in module timer_control is either unconnected or has no load
WARNING: [Synth 8-7129] Port Bus2ip_data[5] in module timer_control is either unconnected or has no load
WARNING: [Synth 8-7129] Port Bus2ip_data[6] in module timer_control is either unconnected or has no load
WARNING: [Synth 8-7129] Port Bus2ip_data[7] in module timer_control is either unconnected or has no load
WARNING: [Synth 8-7129] Port Bus2ip_data[8] in module timer_control is either unconnected or has no load
WARNING: [Synth 8-7129] Port Bus2ip_data[9] in module timer_control is either unconnected or has no load
WARNING: [Synth 8-7129] Port Bus2ip_data[10] in module timer_control is either unconnected or has no load
WARNING: [Synth 8-7129] Port Bus2ip_data[11] in module timer_control is either unconnected or has no load
WARNING: [Synth 8-7129] Port Bus2ip_data[12] in module timer_control is either unconnected or has no load
WARNING: [Synth 8-7129] Port Bus2ip_data[13] in module timer_control is either unconnected or has no load
WARNING: [Synth 8-7129] Port Bus2ip_data[14] in module timer_control is either unconnected or has no load
WARNING: [Synth 8-7129] Port Bus2ip_data[15] in module timer_control is either unconnected or has no load
WARNING: [Synth 8-7129] Port Bus2ip_data[16] in module timer_control is either unconnected or has no load
WARNING: [Synth 8-7129] Port Bus2ip_data[17] in module timer_control is either unconnected or has no load
WARNING: [Synth 8-7129] Port Bus2ip_data[18] in module timer_control is either unconnected or has no load
WARNING: [Synth 8-7129] Port Bus2ip_data[19] in module timer_control is either unconnected or has no load
WARNING: [Synth 8-7129] Port BE[0] in module timer_control is either unconnected or has no load
WARNING: [Synth 8-7129] Port BE[1] in module timer_control is either unconnected or has no load
WARNING: [Synth 8-7129] Port Bus2ip_rdce[0] in module timer_control is either unconnected or has no load
WARNING: [Synth 8-7129] Port Bus2ip_rdce[2] in module timer_control is either unconnected or has no load
WARNING: [Synth 8-7129] Port Bus2ip_rdce[3] in module timer_control is either unconnected or has no load
WARNING: [Synth 8-7129] Port Bus2ip_rdce[4] in module timer_control is either unconnected or has no load
WARNING: [Synth 8-7129] Port Bus2ip_rdce[6] in module timer_control is either unconnected or has no load
WARNING: [Synth 8-7129] Port Bus2ip_rdce[7] in module timer_control is either unconnected or has no load
WARNING: [Synth 8-7129] Port Bus2ip_wrce[2] in module timer_control is either unconnected or has no load
WARNING: [Synth 8-7129] Port Bus2ip_wrce[3] in module timer_control is either unconnected or has no load
WARNING: [Synth 8-7129] Port Bus2ip_wrce[6] in module timer_control is either unconnected or has no load
WARNING: [Synth 8-7129] Port Bus2ip_wrce[7] in module timer_control is either unconnected or has no load
WARNING: [Synth 8-7129] Port Bus2ip_addr[0] in module tc_core is either unconnected or has no load
WARNING: [Synth 8-7129] Port Bus2ip_addr[1] in module tc_core is either unconnected or has no load
WARNING: [Synth 8-7129] Port Bus2ip_addr[2] in module tc_core is either unconnected or has no load
WARNING: [Synth 8-7129] Port Bus2ip_addr[3] in module tc_core is either unconnected or has no load
WARNING: [Synth 8-7129] Port Bus2ip_addr[4] in module tc_core is either unconnected or has no load
---------------------------------------------------------------------------------
Finished RTL Elaboration : Time (s): cpu = 00:00:05 ; elapsed = 00:00:12 . Memory (MB): peak = 2634.641 ; gain = 0.000 ; free physical = 11664 ; free virtual = 25253
---------------------------------------------------------------------------------
---------------------------------------------------------------------------------
Start Handling Custom Attributes
---------------------------------------------------------------------------------
---------------------------------------------------------------------------------
Finished Handling Custom Attributes : Time (s): cpu = 00:00:06 ; elapsed = 00:00:13 . Memory (MB): peak = 2634.641 ; gain = 0.000 ; free physical = 11346 ; free virtual = 24933
---------------------------------------------------------------------------------
---------------------------------------------------------------------------------
Finished RTL Optimization Phase 1 : Time (s): cpu = 00:00:06 ; elapsed = 00:00:13 . Memory (MB): peak = 2634.641 ; gain = 0.000 ; free physical = 11345 ; free virtual = 24933
---------------------------------------------------------------------------------
Netlist sorting complete. Time (s): cpu = 00:00:00 ; elapsed = 00:00:00.01 . Memory (MB): peak = 2634.641 ; gain = 0.000 ; free physical = 11240 ; free virtual = 24827
INFO: [Netlist 29-17] Analyzing 108 Unisim elements for replacement
INFO: [Netlist 29-28] Unisim Transformation completed in 0 CPU seconds
INFO: [Project 1-570] Preparing netlist for logic optimization

Processing XDC Constraints
Initializing timing engine
Parsing XDC File [/thayerfs/home/f004hf2/workspace/module6/module6.gen/sources_1/bd/module6_hw/ip/module6_hw_axi_timer_0_0/module6_hw_axi_timer_0_0_ooc.xdc] for cell 'U0'
Finished Parsing XDC File [/thayerfs/home/f004hf2/workspace/module6/module6.gen/sources_1/bd/module6_hw/ip/module6_hw_axi_timer_0_0/module6_hw_axi_timer_0_0_ooc.xdc] for cell 'U0'
Parsing XDC File [/thayerfs/home/f004hf2/workspace/module6/module6.gen/sources_1/bd/module6_hw/ip/module6_hw_axi_timer_0_0/module6_hw_axi_timer_0_0.xdc] for cell 'U0'
Finished Parsing XDC File [/thayerfs/home/f004hf2/workspace/module6/module6.gen/sources_1/bd/module6_hw/ip/module6_hw_axi_timer_0_0/module6_hw_axi_timer_0_0.xdc] for cell 'U0'
Parsing XDC File [/thayerfs/home/f004hf2/workspace/module6/module6.runs/module6_hw_axi_timer_0_0_synth_1/dont_touch.xdc]
Finished Parsing XDC File [/thayerfs/home/f004hf2/workspace/module6/module6.runs/module6_hw_axi_timer_0_0_synth_1/dont_touch.xdc]
Completed Processing XDC Constraints

Netlist sorting complete. Time (s): cpu = 00:00:00 ; elapsed = 00:00:00 . Memory (MB): peak = 2758.531 ; gain = 0.000 ; free physical = 11411 ; free virtual = 25000
INFO: [Project 1-111] Unisim Transformation Summary:
  A total of 44 instances were transformed.
  FDR => FDRE: 18 instances
  FDRS => FDRS (FDRE, LUT2, VCC): 1 instance 
  FDRSE => FDRSE (FDRE, LUT4, VCC): 25 instances

Constraint Validation Runtime : Time (s): cpu = 00:00:00.03 ; elapsed = 00:00:00.06 . Memory (MB): peak = 2758.531 ; gain = 0.000 ; free physical = 11381 ; free virtual = 24970
---------------------------------------------------------------------------------
Finished Constraint Validation : Time (s): cpu = 00:00:10 ; elapsed = 00:00:21 . Memory (MB): peak = 2758.531 ; gain = 123.891 ; free physical = 11482 ; free virtual = 25105
---------------------------------------------------------------------------------
---------------------------------------------------------------------------------
Start Loading Part and Timing Information
---------------------------------------------------------------------------------
Loading part: xc7z010clg400-1
---------------------------------------------------------------------------------
Finished Loading Part and Timing Information : Time (s): cpu = 00:00:10 ; elapsed = 00:00:21 . Memory (MB): peak = 2758.531 ; gain = 123.891 ; free physical = 11479 ; free virtual = 25103
---------------------------------------------------------------------------------
---------------------------------------------------------------------------------
Start Applying 'set_property' XDC Constraints
---------------------------------------------------------------------------------
Applied set_property KEEP_HIERARCHY = SOFT for U0. (constraint file  /thayerfs/home/f004hf2/workspace/module6/module6.runs/module6_hw_axi_timer_0_0_synth_1/dont_touch.xdc, line 9).
---------------------------------------------------------------------------------
Finished applying 'set_property' XDC Constraints : Time (s): cpu = 00:00:10 ; elapsed = 00:00:21 . Memory (MB): peak = 2758.531 ; gain = 123.891 ; free physical = 11478 ; free virtual = 25102
---------------------------------------------------------------------------------
INFO: [Synth 8-802] inferred FSM for state register 'state_reg' in module 'slave_attachment'
---------------------------------------------------------------------------------------------------
                   State |                     New Encoding |                Previous Encoding 
---------------------------------------------------------------------------------------------------
                 iSTATE2 |                             0001 |                               00
                  iSTATE |                             0010 |                               01
                 iSTATE0 |                             0100 |                               10
                 iSTATE1 |                             1000 |                               11
---------------------------------------------------------------------------------------------------
INFO: [Synth 8-3354] encoded FSM with state register 'state_reg' using encoding 'one-hot' in module 'slave_attachment'
---------------------------------------------------------------------------------
Finished RTL Optimization Phase 2 : Time (s): cpu = 00:00:11 ; elapsed = 00:00:21 . Memory (MB): peak = 2758.531 ; gain = 123.891 ; free physical = 11384 ; free virtual = 25018
---------------------------------------------------------------------------------
---------------------------------------------------------------------------------
Start RTL Component Statistics 
---------------------------------------------------------------------------------
Detailed RTL Component Info : 
+---Adders : 
	   2 Input   33 Bit       Adders := 2     
	   2 Input    6 Bit       Adders := 1     
+---Registers : 
	               33 Bit    Registers := 2     
	               32 Bit    Registers := 1     
	                6 Bit    Registers := 1     
	                5 Bit    Registers := 1     
	                2 Bit    Registers := 4     
	                1 Bit    Registers := 29    
+---Muxes : 
	   3 Input   33 Bit        Muxes := 2     
	   2 Input   33 Bit        Muxes := 2     
	   2 Input   32 Bit        Muxes := 2     
	   2 Input   12 Bit        Muxes := 1     
	   2 Input   11 Bit        Muxes := 1     
	   2 Input    9 Bit        Muxes := 3     
	   3 Input    9 Bit        Muxes := 1     
	   2 Input    5 Bit        Muxes := 1     
	   4 Input    4 Bit        Muxes := 1     
	   2 Input    4 Bit        Muxes := 5     
	   2 Input    2 Bit        Muxes := 3     
	   3 Input    2 Bit        Muxes := 1     
	   4 Input    2 Bit        Muxes := 1     
	   2 Input    1 Bit        Muxes := 24    
	   4 Input    1 Bit        Muxes := 3     
---------------------------------------------------------------------------------
Finished RTL Component Statistics 
---------------------------------------------------------------------------------
---------------------------------------------------------------------------------
Start Part Resource Summary
---------------------------------------------------------------------------------
Part Resources:
DSPs: 80 (col length:40)
BRAMs: 120 (col length: RAMB18 40 RAMB36 20)
---------------------------------------------------------------------------------
Finished Part Resource Summary
---------------------------------------------------------------------------------
---------------------------------------------------------------------------------
Start Cross Boundary and Area Optimization
---------------------------------------------------------------------------------
WARNING: [Synth 8-7080] Parallel synthesis criteria is not met
WARNING: [Synth 8-7129] Port prmry_aclk in module cdc_sync is either unconnected or has no load
WARNING: [Synth 8-7129] Port prmry_resetn in module cdc_sync is either unconnected or has no load
WARNING: [Synth 8-7129] Port prmry_vect_in[31] in module cdc_sync is either unconnected or has no load
WARNING: [Synth 8-7129] Port prmry_vect_in[30] in module cdc_sync is either unconnected or has no load
WARNING: [Synth 8-7129] Port prmry_vect_in[29] in module cdc_sync is either unconnected or has no load
WARNING: [Synth 8-7129] Port prmry_vect_in[28] in module cdc_sync is either unconnected or has no load
WARNING: [Synth 8-7129] Port prmry_vect_in[27] in module cdc_sync is either unconnected or has no load
WARNING: [Synth 8-7129] Port prmry_vect_in[26] in module cdc_sync is either unconnected or has no load
WARNING: [Synth 8-7129] Port prmry_vect_in[25] in module cdc_sync is either unconnected or has no load
WARNING: [Synth 8-7129] Port prmry_vect_in[24] in module cdc_sync is either unconnected or has no load
WARNING: [Synth 8-7129] Port prmry_vect_in[23] in module cdc_sync is either unconnected or has no load
WARNING: [Synth 8-7129] Port prmry_vect_in[22] in module cdc_sync is either unconnected or has no load
WARNING: [Synth 8-7129] Port prmry_vect_in[21] in module cdc_sync is either unconnected or has no load
WARNING: [Synth 8-7129] Port prmry_vect_in[20] in module cdc_sync is either unconnected or has no load
WARNING: [Synth 8-7129] Port prmry_vect_in[19] in module cdc_sync is either unconnected or has no load
WARNING: [Synth 8-7129] Port prmry_vect_in[18] in module cdc_sync is either unconnected or has no load
WARNING: [Synth 8-7129] Port prmry_vect_in[17] in module cdc_sync is either unconnected or has no load
WARNING: [Synth 8-7129] Port prmry_vect_in[16] in module cdc_sync is either unconnected or has no load
WARNING: [Synth 8-7129] Port prmry_vect_in[15] in module cdc_sync is either unconnected or has no load
WARNING: [Synth 8-7129] Port prmry_vect_in[14] in module cdc_sync is either unconnected or has no load
WARNING: [Synth 8-7129] Port prmry_vect_in[13] in module cdc_sync is either unconnected or has no load
INFO: [Common 17-14] Message 'Synth 8-7129' appears 100 times and further instances of the messages will be disabled. Use the Tcl command set_msg_config to change the current settings.
INFO: [Synth 8-3332] Sequential element (GENERATE_LEVEL_P_S_CDC.SINGLE_BIT.CROSS_PLEVEL_IN2SCNDRY_s_level_out_d5) is unused and will be removed from module cdc_sync.
INFO: [Synth 8-3332] Sequential element (GENERATE_LEVEL_P_S_CDC.SINGLE_BIT.CROSS_PLEVEL_IN2SCNDRY_s_level_out_d6) is unused and will be removed from module cdc_sync.
---------------------------------------------------------------------------------
Finished Cross Boundary and Area Optimization : Time (s): cpu = 00:00:12 ; elapsed = 00:00:23 . Memory (MB): peak = 2758.531 ; gain = 123.891 ; free physical = 11133 ; free virtual = 24776
---------------------------------------------------------------------------------
---------------------------------------------------------------------------------
Start Applying XDC Timing Constraints
---------------------------------------------------------------------------------
---------------------------------------------------------------------------------
Finished Applying XDC Timing Constraints : Time (s): cpu = 00:00:15 ; elapsed = 00:00:26 . Memory (MB): peak = 2758.531 ; gain = 123.891 ; free physical = 10610 ; free virtual = 24255
---------------------------------------------------------------------------------
---------------------------------------------------------------------------------
Start Timing Optimization
---------------------------------------------------------------------------------
---------------------------------------------------------------------------------
Finished Timing Optimization : Time (s): cpu = 00:00:16 ; elapsed = 00:00:27 . Memory (MB): peak = 2758.531 ; gain = 123.891 ; free physical = 10725 ; free virtual = 24371
---------------------------------------------------------------------------------
---------------------------------------------------------------------------------
Start Technology Mapping
---------------------------------------------------------------------------------
---------------------------------------------------------------------------------
Finished Technology Mapping : Time (s): cpu = 00:00:16 ; elapsed = 00:00:27 . Memory (MB): peak = 2758.531 ; gain = 123.891 ; free physical = 10682 ; free virtual = 24328
---------------------------------------------------------------------------------
---------------------------------------------------------------------------------
Start IO Insertion
---------------------------------------------------------------------------------
---------------------------------------------------------------------------------
Start Flattening Before IO Insertion
---------------------------------------------------------------------------------
---------------------------------------------------------------------------------
Finished Flattening Before IO Insertion
---------------------------------------------------------------------------------
---------------------------------------------------------------------------------
Start Final Netlist Cleanup
---------------------------------------------------------------------------------
---------------------------------------------------------------------------------
Finished Final Netlist Cleanup
---------------------------------------------------------------------------------
---------------------------------------------------------------------------------
Finished IO Insertion : Time (s): cpu = 00:00:19 ; elapsed = 00:00:30 . Memory (MB): peak = 2758.531 ; gain = 123.891 ; free physical = 12081 ; free virtual = 25723
---------------------------------------------------------------------------------
---------------------------------------------------------------------------------
Start Renaming Generated Instances
---------------------------------------------------------------------------------
---------------------------------------------------------------------------------
Finished Renaming Generated Instances : Time (s): cpu = 00:00:19 ; elapsed = 00:00:30 . Memory (MB): peak = 2758.531 ; gain = 123.891 ; free physical = 12079 ; free virtual = 25721
---------------------------------------------------------------------------------
---------------------------------------------------------------------------------
Start Rebuilding User Hierarchy
---------------------------------------------------------------------------------
---------------------------------------------------------------------------------
Finished Rebuilding User Hierarchy : Time (s): cpu = 00:00:19 ; elapsed = 00:00:30 . Memory (MB): peak = 2758.531 ; gain = 123.891 ; free physical = 12086 ; free virtual = 25728
---------------------------------------------------------------------------------
---------------------------------------------------------------------------------
Start Renaming Generated Ports
---------------------------------------------------------------------------------
---------------------------------------------------------------------------------
Finished Renaming Generated Ports : Time (s): cpu = 00:00:19 ; elapsed = 00:00:30 . Memory (MB): peak = 2758.531 ; gain = 123.891 ; free physical = 12086 ; free virtual = 25728
---------------------------------------------------------------------------------
---------------------------------------------------------------------------------
Start Handling Custom Attributes
---------------------------------------------------------------------------------
---------------------------------------------------------------------------------
Finished Handling Custom Attributes : Time (s): cpu = 00:00:19 ; elapsed = 00:00:30 . Memory (MB): peak = 2758.531 ; gain = 123.891 ; free physical = 12088 ; free virtual = 25730
---------------------------------------------------------------------------------
---------------------------------------------------------------------------------
Start Renaming Generated Nets
---------------------------------------------------------------------------------
---------------------------------------------------------------------------------
Finished Renaming Generated Nets : Time (s): cpu = 00:00:19 ; elapsed = 00:00:30 . Memory (MB): peak = 2758.531 ; gain = 123.891 ; free physical = 12088 ; free virtual = 25730
---------------------------------------------------------------------------------
---------------------------------------------------------------------------------
Start Writing Synthesis Report
---------------------------------------------------------------------------------

Report BlackBoxes: 
+-+--------------+----------+
| |BlackBox name |Instances |
+-+--------------+----------+
+-+--------------+----------+

Report Cell Usage: 
+------+-------+------+
|      |Cell   |Count |
+------+-------+------+
|1     |CARRY4 |    16|
|2     |LUT1   |     6|
|3     |LUT2   |    85|
|4     |LUT3   |   104|
|5     |LUT4   |    76|
|6     |LUT5   |    20|
|7     |LUT6   |    64|
|8     |MUXCY  |    64|
|9     |FDR    |    12|
|10    |FDRE   |   231|
|11    |FDSE   |     1|
+------+-------+------+
---------------------------------------------------------------------------------
Finished Writing Synthesis Report : Time (s): cpu = 00:00:19 ; elapsed = 00:00:30 . Memory (MB): peak = 2758.531 ; gain = 123.891 ; free physical = 12088 ; free virtual = 25730
---------------------------------------------------------------------------------
Synthesis finished with 0 errors, 0 critical warnings and 40 warnings.
Synthesis Optimization Runtime : Time (s): cpu = 00:00:18 ; elapsed = 00:00:27 . Memory (MB): peak = 2758.531 ; gain = 0.000 ; free physical = 12135 ; free virtual = 25777
Synthesis Optimization Complete : Time (s): cpu = 00:00:19 ; elapsed = 00:00:30 . Memory (MB): peak = 2758.531 ; gain = 123.891 ; free physical = 12230 ; free virtual = 25871
INFO: [Project 1-571] Translating synthesized netlist
Netlist sorting complete. Time (s): cpu = 00:00:00.01 ; elapsed = 00:00:00 . Memory (MB): peak = 2758.531 ; gain = 0.000 ; free physical = 12401 ; free virtual = 26039
INFO: [Netlist 29-17] Analyzing 92 Unisim elements for replacement
INFO: [Netlist 29-28] Unisim Transformation completed in 0 CPU seconds
INFO: [Project 1-570] Preparing netlist for logic optimization
INFO: [Opt 31-138] Pushed 0 inverter(s) to 0 load pin(s).
Netlist sorting complete. Time (s): cpu = 00:00:00 ; elapsed = 00:00:00 . Memory (MB): peak = 2758.531 ; gain = 0.000 ; free physical = 12519 ; free virtual = 26159
INFO: [Project 1-111] Unisim Transformation Summary:
  A total of 44 instances were transformed.
  (MUXCY,XORCY) => CARRY4: 32 instances
  FDR => FDRE: 12 instances

Synth Design complete, checksum: 8b2fe92d
INFO: [Common 17-83] Releasing license: Synthesis
191 Infos, 101 Warnings, 0 Critical Warnings and 0 Errors encountered.
synth_design completed successfully
synth_design: Time (s): cpu = 00:00:28 ; elapsed = 00:02:17 . Memory (MB): peak = 2758.531 ; gain = 123.891 ; free physical = 12712 ; free virtual = 26353
INFO: [Common 17-1381] The checkpoint '/thayerfs/home/f004hf2/workspace/module6/module6.runs/module6_hw_axi_timer_0_0_synth_1/module6_hw_axi_timer_0_0.dcp' has been generated.
INFO: [Coretcl 2-1648] Added synthesis output to IP cache for IP module6_hw_axi_timer_0_0, cache-ID = 64bf2420d5707942
INFO: [Coretcl 2-1174] Renamed 20 cell refs.
INFO: [Common 17-1381] The checkpoint '/thayerfs/home/f004hf2/workspace/module6/module6.runs/module6_hw_axi_timer_0_0_synth_1/module6_hw_axi_timer_0_0.dcp' has been generated.
INFO: [runtcl-4] Executing : report_utilization -file module6_hw_axi_timer_0_0_utilization_synth.rpt -pb module6_hw_axi_timer_0_0_utilization_synth.pb
INFO: [Common 17-206] Exiting Vivado at Tue Feb 20 15:09:32 2024...
